Starting server to listen on port 8001
Loading required package: methods

Attaching package: ‘dplyr’

The following objects are masked from ‘package:lubridate’:

    intersect, setdiff, union

The following objects are masked from ‘package:stats’:

    filter, lag

The following objects are masked from ‘package:base’:

    intersect, setdiff, setequal, union


Attaching package: ‘jsonlite’

The following object is masked from ‘package:utils’:

    View

Starting server to listen on port 8001
Error in startServer(host, port, app) : Failed to create server
Calls: <Anonymous> -> <Anonymous> -> startServer
Execution halted
Starting server to listen on port 8001
Error in startServer(host, port, app) : Failed to create server
Calls: <Anonymous> -> <Anonymous> -> startServer
Execution halted
ERROR: [on_request_read] connection reset by peer
Starting server to listen on port 8001
Loading required package: methods

Attaching package: ‘dplyr’

The following objects are masked from ‘package:lubridate’:

    intersect, setdiff, union

The following objects are masked from ‘package:stats’:

    filter, lag

The following objects are masked from ‘package:base’:

    intersect, setdiff, setequal, union


Attaching package: ‘jsonlite’

The following object is masked from ‘package:utils’:

    View

